make all --print-data-base --no-builtin-variables --no-builtin-rules --question
# GNU Make 3.81
# Copyright (C) 2006  Free Software Foundation, Inc.
# This is free software; see the source for copying conditions.
# There is NO warranty; not even for MERCHANTABILITY or FITNESS FOR A
# PARTICULAR PURPOSE.

# This program built for i386-apple-darwin11.3.0
 
make: *** No rule to make target `all'.  Stop.


# Make data base, printed on Sun Jun 12 16:26:17 2022

# Variables

# automatic
<D = $(patsubst %/,%,$(dir $<))
# automatic
 
?F = $(notdir $?)
# environment
VSCODE_LOG_NATIVE = false
# automatic
?D = $(patsubst %/,%,$(dir $?))
# automatic
@D = $(patsubst %/,%,$(dir $@))
# automatic
@F = $(notdir $@)
# makefile
CURDIR := /Users/paul/Desktop/Andere-Projekte/RimAssembly
# makefile
SHELL = /bin/sh
# environment
VSCODE_NLS_CONFIG = {"locale":"de","availableLanguages":{"*":"de"},"_languagePackId":"c16e0593a7939775308343c1c5195ac2.de","_translationsConfigFile":"/Users/paul/Library/Application Support/Code - Insiders/clp/c16e0593a7939775308343c1c5195ac2.de/tcf.json","_cacheRoot":"/Users/paul/Library/Application Support/Code - Insiders/clp/c16e0593a7939775308343c1c5195ac2.de","_resolvedLanguagePackCoreLocation":"/Users/paul/Library/Application Support/Code - Insiders/clp/c16e0593a7939775308343c1c5195ac2.de/ab6ba241145bb81c8bc0f323453bbec45fd66109","_corruptedFile":"/Users/paul/Library/Application Support/Code - Insiders/clp/c16e0593a7939775308343c1c5195ac2.de/corrupted.info","_languagePackSupport":true}
# environment
_ = /usr/bin/make
# makefile
MAKEFILE_LIST := 
# environment
VSCODE_VERBOSE_LOGGING = true
# environment
__CFBundleIdentifier = com.microsoft.VSCodeInsiders
# environment
INFOPATH = /opt/homebrew/share/info:
# environment
VSCODE_IPC_HOOK_EXTHOST = /var/folders/kh/wl6t81hd03d3_y0rkzn3zlp80000gn/T/vscode-ipc-d83ca842-20f7-4971-b999-d4d36f343a46.sock
# environment
VSCODE_CWD = /
# environment
PATH = /Users/paul/.sdkman/candidates/java/current/bin:/opt/local/bin:/opt/local/sbin:/opt/homebrew/bin:/opt/homebrew/sbin:/usr/local/bin:/usr/bin:/bin:/usr/sbin:/sbin:/usr/local/share/dotnet:/opt/X11/bin:~/.dotnet/tools:/Library/Apple/usr/bin:/Library/Frameworks/Mono.framework/Versions/Current/Commands:/Users/paul/.fig/bin:/Users/paul/.local/bin:/Users/paul/Scale/bin:/Users/paul/bin:/Users/paul/Kotlin/bin
# environment
C_INCLUDE_PATH = :/Users/paul/GLFW/include
# environment
SDKMAN_DIR = /Users/paul/.sdkman
# environment
SDKMAN_CANDIDATES_API = https://api.sdkman.io/2
# environment
SDKMAN_PLATFORM = darwinarm64
# environment
VSCODE_LOG_STACK = true
# environment
ELECTRON_RUN_AS_NODE = 1
# default
.FEATURES := target-specific order-only second-expansion else-if archives jobserver check-symlink
# environment
SSH_AUTH_SOCK = /private/tmp/com.apple.launchd.JJKxNdhbBn/Listeners
# automatic
%F = $(notdir $%)
# environment
DISPLAY = /private/tmp/com.apple.launchd.ENrQuTU06h/org.xquartz:0
# environment
TTY = not a tty
# environment
VSCODE_PIPE_LOGGING = true
# environment
FIG_PID = 27154
# environment
PWD = /Users/paul/Desktop/Andere-Projekte/RimAssembly
# environment
HOMEBREW_CELLAR = /opt/homebrew/Cellar
# environment
ORIGINAL_XDG_CURRENT_DESKTOP = undefined
# environment
MANPATH = /opt/local/share/man:/opt/homebrew/share/man::
# environment
VSCODE_AMD_ENTRYPOINT = vs/workbench/api/node/extensionHostProcess
# environment
HOME = /Users/paul
# default
MAKEFILEPATH := /Applications/Xcode.app/Contents/Developer/Makefiles
# environment
VSCODE_CODE_CACHE_PATH = /Users/paul/Library/Application Support/Code - Insiders/CachedData/ab6ba241145bb81c8bc0f323453bbec45fd66109
# environment
LOGNAME = paul
# environment
APPLICATION_INSIGHTS_NO_DIAGNOSTIC_CHANNEL = true
# environment
VSCODE_HANDLES_UNCAUGHT_ERRORS = true
# automatic
^D = $(patsubst %/,%,$(dir $^))
# environment
XPC_FLAGS = 0x0
# environment
SDKMAN_VERSION = 5.15.0
# default
MAKE = $(MAKE_COMMAND)
# default
MAKECMDGOALS := all
# environment
SHLVL = 1
# environment
JAVA_HOME = /Users/paul/.sdkman/candidates/java/current
# default
MAKE_VERSION := 3.81
# environment
USER = paul
# makefile
.DEFAULT_GOAL := 
# automatic
%D = $(patsubst %/,%,$(dir $%))
# default
MAKE_COMMAND := /Applications/Xcode.app/Contents/Developer/usr/bin/make
# environment
DLYD_LIBRARY_PATH = :/Users/paul/ShadowEngine/libs
# default
.VARIABLES := 
# environment
TMPDIR = /var/folders/kh/wl6t81hd03d3_y0rkzn3zlp80000gn/T/
# automatic
*F = $(notdir $*)
# environment
VSCODE_IPC_HOOK = /Users/paul/Library/Application Support/Code - Insiders/1.69.0-insider-main.sock
# makefile
MAKEFLAGS = Rrqp
# environment
MFLAGS = -Rrqp
# automatic
*D = $(patsubst %/,%,$(dir $*))
# environment
XPC_SERVICE_NAME = application.com.microsoft.VSCodeInsiders.10802281.10802287
# environment
HOMEBREW_PREFIX = /opt/homebrew
# automatic
+D = $(patsubst %/,%,$(dir $+))
 
# automatic
+F = $(notdir $+)
# environment
HOMEBREW_REPOSITORY = /opt/homebrew
# environment
__CF_USER_TEXT_ENCODING = 0x1F5:0x0:0x3
# environment
COMMAND_MODE = unix2003
# default
MAKEFILES := 
# automatic
<F = $(notdir $<)
# environment
SDKMAN_CANDIDATES_DIR = /Users/paul/.sdkman/candidates
# environment
LC_ALL = C
# automatic
^F = $(notdir $^)
# default
SUFFIXES := 
# environment
MAKELEVEL := 0
# environment
LANG = C
# environment
VSCODE_PID = 27146
# variable set hash-table stats:
# Load=77/1024=8%, Rehash=0, Collisions=1/97=1%

# Pattern-specific Variable Values

# No pattern-specific variable values.

# Directories

# . (device 16777240, inode 5946069): 14 files, no impossibilities.

# 14 files, no impossibilities in 1 directories.

# Implicit Rules

# No implicit rules.

# Files

# Not a target:
all:
#  Command-line target.
#  Implicit rule search has been done.
#  File does not exist.
#  File has not been updated.
# variable set hash-table stats:
# Load=0/32=0%, Rehash=0, Collisions=0/0=0%

# Not a target:
.SUFFIXES:
#  Implicit rule search has not been done.
#  Modification time never checked.
#  File has not been updated.

# Not a target:
Makefile:
#  A default, MAKEFILES, or -include/sinclude makefile.
#  Implicit rule search has been done.
#  File does not exist.
#  File has been updated.
#  Failed to be updated.
# variable set hash-table stats:
# Load=0/32=0%, Rehash=0, Collisions=0/0=0%

# Not a target:
makefile:
#  A default, MAKEFILES, or -include/sinclude makefile.
#  Implicit rule search has been done.
#  File does not exist.
#  File has been updated.
#  Failed to be updated.
# variable set hash-table stats:
# Load=0/32=0%, Rehash=0, Collisions=0/0=0%

# Not a target:
.DEFAULT:
#  Implicit rule search has not been done.
#  Modification time never checked.
#  File has not been updated.

# Not a target:
GNUmakefile:
#  A default, MAKEFILES, or -include/sinclude makefile.
#  Implicit rule search has been done.
#  File does not exist.
#  File has been updated.
#  Failed to be updated.
# variable set hash-table stats:
# Load=0/32=0%, Rehash=0, Collisions=0/0=0%

# files hash-table stats:
# Load=6/1024=1%, Rehash=0, Collisions=0/17=0%
# VPATH Search Paths

# No `vpath' search paths.

# No general (`VPATH' variable) search path.

# # of strings in strcache: 0
# # of strcache buffers: 0
# strcache size: total = 0 / max = 0 / min = 4096 / avg = 0
# strcache free: total = 0 / max = 0 / min = 4096 / avg = 0

# Finished Make data base on Sun Jun 12 16:26:17 2022

 
